[32m2026-06-21 13:08:43 +0800[0m - dagster - [34mDEBUG[0m - __ASSET_JOB - ff253d63-83bf-402b-843a-110a7a67adfc - 9617 - LOGS_CAPTURED - Capturing logs for process (pid: 9617).
[32m2026-06-21 13:08:43 +0800[0m - dagster - [34mDEBUG[0m - __ASSET_JOB - ff253d63-83bf-402b-843a-110a7a67adfc - 9617 - meltano_ingestion - STEP_START - Started execution of step "meltano_ingestion".
[32m2026-06-21 13:08:43 +0800[0m - dagster - [34mINFO[0m - __ASSET_JOB - ff253d63-83bf-402b-843a-110a7a67adfc - meltano_ingestion - Running command: meltano run tap-spreadsheets-anywhere target-bigquery
[32m2026-06-21 13:12:21 +0800[0m - dagster - [34mERROR[0m - [31m__ASSET_JOB - ff253d63-83bf-402b-843a-110a7a67adfc - 9617 - meltano_ingestion - STEP_FAILURE - Execution of step "meltano_ingestion" failed.

dagster._core.errors.DagsterExecutionInterruptedError

Stack Trace:
  File "/Users/balkis/.pyenv/versions/3.11.9/lib/python3.11/site-packages/dagster/_core/execution/plan/execute_plan.py", line 243, in dagster_event_sequence_for_step
    yield from check.generator(step_events)
  File "/Users/balkis/.pyenv/versions/3.11.9/lib/python3.11/site-packages/dagster/_core/execution/plan/execute_step.py", line 505, in core_dagster_event_sequence_for_step
    for user_event in _step_output_error_checked_user_event_sequence(
  File "/Users/balkis/.pyenv/versions/3.11.9/lib/python3.11/site-packages/dagster/_core/execution/plan/execute_step.py", line 184, in _step_output_error_checked_user_event_sequence
    for user_event in user_event_sequence:
  File "/Users/balkis/.pyenv/versions/3.11.9/lib/python3.11/site-packages/dagster/_core/execution/plan/execute_step.py", line 88, in _process_asset_results_to_events
    for user_event in user_event_sequence:
  File "/Users/balkis/.pyenv/versions/3.11.9/lib/python3.11/site-packages/dagster/_core/execution/plan/compute.py", line 188, in execute_core_compute
    for step_output in _yield_compute_results(step_context, inputs, compute_fn, compute_context):
  File "/Users/balkis/.pyenv/versions/3.11.9/lib/python3.11/site-packages/dagster/_core/execution/plan/compute.py", line 157, in _yield_compute_results
    for event in iterate_with_context(
  File "/Users/balkis/.pyenv/versions/3.11.9/lib/python3.11/site-packages/dagster/_utils/__init__.py", line 394, in iterate_with_context
    next_output = next(iterator)
                  ^^^^^^^^^^^^^^
  File "/Users/balkis/.pyenv/versions/3.11.9/lib/python3.11/site-packages/dagster/_core/execution/plan/compute_generator.py", line 136, in _coerce_op_compute_fn_to_iterator
    result = invoke_compute_fn(
             ^^^^^^^^^^^^^^^^^^
  File "/Users/balkis/.pyenv/versions/3.11.9/lib/python3.11/site-packages/dagster/_core/execution/plan/compute_generator.py", line 116, in invoke_compute_fn
    return fn(context, **args_to_pass) if context_arg_provided else fn(**args_to_pass)
           ^^^^^^^^^^^^^^^^^^^^^^^^^^^
  File "/Users/balkis/Documents/NTU_DSAI_April_2026/olist-data-pipeline/dagster-olist/dagster_olist/assets.py", line 36, in meltano_ingestion
    run_command(["meltano", "run", "tap-spreadsheets-anywhere", "target-bigquery"], MELTANO_DIR, context)
  File "/Users/balkis/Documents/NTU_DSAI_April_2026/olist-data-pipeline/dagster-olist/dagster_olist/assets.py", line 15, in run_command
    result = subprocess.run(
             ^^^^^^^^^^^^^^^
  File "/Users/balkis/.pyenv/versions/3.11.9/lib/python3.11/subprocess.py", line 550, in run
    stdout, stderr = process.communicate(input, timeout=timeout)
                     ^^^^^^^^^^^^^^^^^^^^^^^^^^^^^^^^^^^^^^^^^^^
  File "/Users/balkis/.pyenv/versions/3.11.9/lib/python3.11/subprocess.py", line 1209, in communicate
    stdout, stderr = self._communicate(input, endtime, timeout)
                     ^^^^^^^^^^^^^^^^^^^^^^^^^^^^^^^^^^^^^^^^^^
  File "/Users/balkis/.pyenv/versions/3.11.9/lib/python3.11/subprocess.py", line 2115, in _communicate
    ready = selector.select(timeout)
            ^^^^^^^^^^^^^^^^^^^^^^^^
  File "/Users/balkis/.pyenv/versions/3.11.9/lib/python3.11/selectors.py", line 415, in select
    fd_event_list = self._selector.poll(timeout)
                    ^^^^^^^^^^^^^^^^^^^^^^^^^^^^
  File "/Users/balkis/.pyenv/versions/3.11.9/lib/python3.11/site-packages/dagster/_utils/interrupts.py", line 81, in _new_signal_handler
    raise error_cls()
[0m
