[32m2026-06-21 14:38:16 +0800[0m - dagster - [34mDEBUG[0m - __ASSET_JOB - 78037855-6d54-4e25-bcd2-cb6e1746e010 - 17132 - LOGS_CAPTURED - Capturing logs for process (pid: 17132).
[32m2026-06-21 14:38:16 +0800[0m - dagster - [34mDEBUG[0m - __ASSET_JOB - 78037855-6d54-4e25-bcd2-cb6e1746e010 - 17132 - dbt_test - STEP_START - Started execution of step "dbt_test".
[32m2026-06-21 14:38:17 +0800[0m - dagster - [34mINFO[0m - __ASSET_JOB - 78037855-6d54-4e25-bcd2-cb6e1746e010 - dbt_test - Running command: dbt test
[32m2026-06-21 14:39:18 +0800[0m - dagster - [34mINFO[0m - __ASSET_JOB - 78037855-6d54-4e25-bcd2-cb6e1746e010 - dbt_test - [0m06:38:23  Running with dbt=1.9.6
[0m06:38:27  Registered adapter: bigquery=1.9.1
[0m06:38:28  Found 16 models, 62 data tests, 7 sources, 710 macros
[0m06:38:28  
[0m06:38:28  Concurrency: 4 threads (target='dev')
[0m06:38:28  
[0m06:38:30  1 of 62 START test dbt_expectations_expect_column_mean_to_be_between_fact_orders_price__200__50  [RUN]
[0m06:38:30  2 of 62 START test dbt_expectations_expect_column_value_lengths_to_equal_dim_customers_customer_state__2  [RUN]
[0m06:38:30  3 of 62 START test dbt_expectations_expect_column_value_lengths_to_equal_dim_date_date_key__8  [RUN]
[0m06:38:30  4 of 62 START test dbt_expectations_expect_column_value_lengths_to_equal_dim_sellers_seller_state__2  [RUN]
[0m06:38:33  3 of 62 PASS dbt_expectations_expect_column_value_lengths_to_equal_dim_date_date_key__8  [[32mPASS[0m in 3.17s]
[0m06:38:33  5 of 62 START test dbt_expectations_expect_column_values_to_be_between_dim_date_day_of_week__7__1  [RUN]
[0m06:38:33  4 of 62 PASS dbt_expectations_expect_column_value_lengths_to_equal_dim_sellers_seller_state__2  [[32mPASS[0m in 3.19s]
[0m06:38:33  6 of 62 START test dbt_expectations_expect_column_values_to_be_between_dim_date_month__12__1  [RUN]
[0m06:38:33  1 of 62 PASS dbt_expectations_expect_column_mean_to_be_between_fact_orders_price__200__50  [[32mPASS[0m in 3.38s]
[0m06:38:33  7 of 62 START test dbt_expectations_expect_column_values_to_be_between_dim_date_quarter__4__1  [RUN]
[0m06:38:33  2 of 62 PASS dbt_expectations_expect_column_value_lengths_to_equal_dim_customers_customer_state__2  [[32mPASS[0m in 3.98s]
[0m06:38:33  8 of 62 START test dbt_expectations_expect_column_values_to_be_between_fact_orders_freight_percentage__1__0  [RUN]
[0m06:38:35  5 of 62 PASS dbt_expectations_expect_column_values_to_be_between_dim_date_day_of_week__7__1  [[32mPASS[0m in 2.44s]
[0m06:38:35  7 of 62 PASS dbt_expectations_expect_column_values_to_be_between_dim_date_quarter__4__1  [[32mPASS[0m in 2.24s]
[0m06:38:35  6 of 62 PASS dbt_expectations_expect_column_values_to_be_between_dim_date_month__12__1  [[32mPASS[0m in 2.42s]
[0m06:38:35  9 of 62 START test dbt_expectations_expect_column_values_to_be_between_fact_orders_freight_value__0__False  [RUN]
[0m06:38:35  10 of 62 START test dbt_expectations_expect_column_values_to_be_between_fact_orders_price__0__True  [RUN]
[0m06:38:35  11 of 62 START test dbt_expectations_expect_column_values_to_be_between_fact_orders_total_sale_amount__0__True  [RUN]
[0m06:38:36  8 of 62 PASS dbt_expectations_expect_column_values_to_be_between_fact_orders_freight_percentage__1__0  [[32mPASS[0m in 2.69s]
[0m06:38:36  12 of 62 START test dbt_expectations_expect_column_values_to_be_between_stg_order_items_freight_value__0__False  [RUN]
[0m06:38:38  10 of 62 PASS dbt_expectations_expect_column_values_to_be_between_fact_orders_price__0__True  [[32mPASS[0m in 2.99s]
[0m06:38:38  11 of 62 PASS dbt_expectations_expect_column_values_to_be_between_fact_orders_total_sale_amount__0__True  [[32mPASS[0m in 2.98s]
[0m06:38:38  13 of 62 START test dbt_expectations_expect_column_values_to_be_between_stg_order_items_price__0__True  [RUN]
[0m06:38:38  14 of 62 START test dbt_expectations_expect_column_values_to_be_between_stg_payments_payment_installments__24__0  [RUN]
[0m06:38:39  9 of 62 PASS dbt_expectations_expect_column_values_to_be_between_fact_orders_freight_value__0__False  [[32mPASS[0m in 3.46s]
[0m06:38:39  15 of 62 START test dbt_expectations_expect_column_values_to_be_between_stg_payments_payment_value__100000__0__False  [RUN]
[0m06:38:39  12 of 62 PASS dbt_expectations_expect_column_values_to_be_between_stg_order_items_freight_value__0__False  [[32mPASS[0m in 2.85s]
[0m06:38:39  16 of 62 START test dbt_expectations_expect_column_values_to_be_between_stg_products_product_weight_g__0__True  [RUN]
[0m06:38:41  13 of 62 PASS dbt_expectations_expect_column_values_to_be_between_stg_order_items_price__0__True  [[32mPASS[0m in 2.50s]
[0m06:38:41  17 of 62 START test dbt_expectations_expect_column_values_to_be_between_stg_reviews_review_score__5__1  [RUN]
[0m06:38:41  14 of 62 PASS dbt_expectations_expect_column_values_to_be_between_stg_payments_payment_installments__24__0  [[32mPASS[0m in 2.98s]
[0m06:38:41  18 of 62 START test dbt_expectations_expect_column_values_to_be_in_set_stg_orders_order_status__delivered__shipped__canceled__unavailable__invoiced__processing__created__approved  [RUN]
[0m06:38:42  16 of 62 WARN 4 dbt_expectations_expect_column_values_to_be_between_stg_products_product_weight_g__0__True  [[33mWARN 4[0m in 2.49s]
[0m06:38:42  19 of 62 START test dbt_expectations_expect_column_values_to_be_in_set_stg_payments_payment_type__credit_card__boleto__voucher__debit_card__not_defined  [RUN]
[0m06:38:42  15 of 62 PASS dbt_expectations_expect_column_values_to_be_between_stg_payments_payment_value__100000__0__False  [[32mPASS[0m in 3.17s]
[0m06:38:42  20 of 62 START test dbt_expectations_expect_column_values_to_be_of_type_stg_orders_order_id__string  [RUN]
[0m06:38:44  17 of 62 PASS dbt_expectations_expect_column_values_to_be_between_stg_reviews_review_score__5__1  [[32mPASS[0m in 2.86s]
[0m06:38:44  21 of 62 START test dbt_expectations_expect_column_values_to_be_of_type_stg_orders_order_purchase_timestamp__timestamp  [RUN]
[0m06:38:44  18 of 62 PASS dbt_expectations_expect_column_values_to_be_in_set_stg_orders_order_status__delivered__shipped__canceled__unavailable__invoiced__processing__created__approved  [[32mPASS[0m in 2.71s]
[0m06:38:44  22 of 62 START test dbt_expectations_expect_column_values_to_match_regex_dim_date_date_key___0_9_8_  [RUN]
[0m06:38:44  19 of 62 PASS dbt_expectations_expect_column_values_to_be_in_set_stg_payments_payment_type__credit_card__boleto__voucher__debit_card__not_defined  [[32mPASS[0m in 2.86s]
[0m06:38:44  23 of 62 START test dbt_expectations_expect_column_values_to_match_regex_fact_orders_date_key___0_9_8_  [RUN]
[0m06:38:44  20 of 62 PASS dbt_expectations_expect_column_values_to_be_of_type_stg_orders_order_id__string  [[32mPASS[0m in 2.69s]
[0m06:38:44  24 of 62 START test dbt_expectations_expect_table_row_count_to_be_between_dim_customers_110000__90000  [RUN]
[0m06:38:47  23 of 62 PASS dbt_expectations_expect_column_values_to_match_regex_fact_orders_date_key___0_9_8_  [[32mPASS[0m in 2.57s]
[0m06:38:47  22 of 62 PASS dbt_expectations_expect_column_values_to_match_regex_dim_date_date_key___0_9_8_  [[32mPASS[0m in 3.06s]
[0m06:38:47  25 of 62 START test dbt_expectations_expect_table_row_count_to_be_between_dim_sellers_4000__3000  [RUN]
[0m06:38:47  26 of 62 START test dbt_expectations_expect_table_row_count_to_be_between_fact_orders_130000__100000  [RUN]
[0m06:38:47  24 of 62 PASS dbt_expectations_expect_table_row_count_to_be_between_dim_customers_110000__90000  [[32mPASS[0m in 2.66s]
[0m06:38:47  27 of 62 START test dbt_expectations_expect_table_row_count_to_equal_dim_date_1096  [RUN]
[0m06:38:50  21 of 62 PASS dbt_expectations_expect_column_values_to_be_of_type_stg_orders_order_purchase_timestamp__timestamp  [[32mPASS[0m in 6.57s]
[0m06:38:50  28 of 62 START test not_null_dim_customers_customer_key ........................ [RUN]
[0m06:38:50  27 of 62 PASS dbt_expectations_expect_table_row_count_to_equal_dim_date_1096 ... [[32mPASS[0m in 3.32s]
[0m06:38:50  29 of 62 START test not_null_dim_date_date_key ................................. [RUN]
[0m06:38:51  25 of 62 PASS dbt_expectations_expect_table_row_count_to_be_between_dim_sellers_4000__3000  [[32mPASS[0m in 3.89s]
[0m06:38:51  30 of 62 START test not_null_dim_products_product_key .......................... [RUN]
[0m06:38:51  26 of 62 PASS dbt_expectations_expect_table_row_count_to_be_between_fact_orders_130000__100000  [[32mPASS[0m in 3.96s]
[0m06:38:51  31 of 62 START test not_null_dim_sellers_seller_key ............................ [RUN]
[0m06:38:53  28 of 62 PASS not_null_dim_customers_customer_key .............................. [[32mPASS[0m in 2.47s]
[0m06:38:53  32 of 62 START test not_null_fact_orders_customer_key .......................... [RUN]
[0m06:38:53  29 of 62 PASS not_null_dim_date_date_key ....................................... [[32mPASS[0m in 2.40s]
[0m06:38:53  33 of 62 START test not_null_fact_orders_date_key .............................. [RUN]
[0m06:38:54  30 of 62 PASS not_null_dim_products_product_key ................................ [[32mPASS[0m in 2.81s]
[0m06:38:54  34 of 62 START test not_null_fact_orders_order_item_sk ......................... [RUN]
[0m06:38:54  31 of 62 PASS not_null_dim_sellers_seller_key .................................. [[32mPASS[0m in 2.75s]
[0m06:38:54  35 of 62 START test not_null_fact_orders_order_key ............................. [RUN]
[0m06:38:56  33 of 62 PASS not_null_fact_orders_date_key .................................... [[32mPASS[0m in 2.72s]
[0m06:38:56  36 of 62 START test not_null_fact_orders_product_key ........................... [RUN]
[0m06:38:56  32 of 62 PASS not_null_fact_orders_customer_key ................................ [[32mPASS[0m in 3.41s]
[0m06:38:56  37 of 62 START test not_null_fact_orders_seller_key ............................ [RUN]
[0m06:38:56  35 of 62 PASS not_null_fact_orders_order_key ................................... [[32mPASS[0m in 2.65s]
[0m06:38:56  38 of 62 START test not_null_stg_customers_customer_id ......................... [RUN]
[0m06:38:57  34 of 62 PASS not_null_fact_orders_order_item_sk ............................... [[32mPASS[0m in 2.92s]
[0m06:38:57  39 of 62 START test not_null_stg_customers_customer_unique_id .................. [RUN]
[0m06:38:58  36 of 62 PASS not_null_fact_orders_product_key ................................. [[32mPASS[0m in 2.45s]
[0m06:38:58  40 of 62 START test not_null_stg_order_items_order_id .......................... [RUN]
[0m06:38:59  37 of 62 PASS not_null_fact_orders_seller_key .................................. [[32mPASS[0m in 2.98s]
[0m06:38:59  41 of 62 START test not_null_stg_order_items_product_id ........................ [RUN]
[0m06:38:59  38 of 62 PASS not_null_stg_customers_customer_id ............................... [[32mPASS[0m in 2.74s]
[0m06:38:59  39 of 62 PASS not_null_stg_customers_customer_unique_id ........................ [[32mPASS[0m in 2.48s]
[0m06:38:59  42 of 62 START test not_null_stg_order_items_seller_id ......................... [RUN]
[0m06:38:59  43 of 62 START test not_null_stg_orders_customer_id ............................ [RUN]
[0m06:39:01  40 of 62 PASS not_null_stg_order_items_order_id ................................ [[32mPASS[0m in 2.50s]
[0m06:39:01  44 of 62 START test not_null_stg_orders_order_id ............................... [RUN]
[0m06:39:02  41 of 62 PASS not_null_stg_order_items_product_id .............................. [[32mPASS[0m in 2.90s]
[0m06:39:02  45 of 62 START test not_null_stg_payments_order_id ............................. [RUN]
[0m06:39:02  43 of 62 PASS not_null_stg_orders_customer_id .................................. [[32mPASS[0m in 2.89s]
[0m06:39:02  46 of 62 START test not_null_stg_payments_payment_value ........................ [RUN]
[0m06:39:02  42 of 62 PASS not_null_stg_order_items_seller_id ............................... [[32mPASS[0m in 3.20s]
[0m06:39:02  47 of 62 START test not_null_stg_products_product_id ........................... [RUN]
[0m06:39:03  44 of 62 PASS not_null_stg_orders_order_id ..................................... [[32mPASS[0m in 2.54s]
[0m06:39:03  48 of 62 START test not_null_stg_reviews_order_id .............................. [RUN]
[0m06:39:04  46 of 62 PASS not_null_stg_payments_payment_value .............................. [[32mPASS[0m in 2.45s]
[0m06:39:04  49 of 62 START test not_null_stg_reviews_review_id ............................. [RUN]
[0m06:39:05  45 of 62 PASS not_null_stg_payments_order_id ................................... [[32mPASS[0m in 2.74s]
[0m06:39:05  50 of 62 START test not_null_stg_sellers_seller_id ............................. [RUN]
[0m06:39:05  47 of 62 PASS not_null_stg_products_product_id ................................. [[32mPASS[0m in 2.54s]
[0m06:39:05  51 of 62 START test relationships_fact_orders_customer_key__customer_key__ref_dim_customers_  [RUN]
[0m06:39:05  48 of 62 PASS not_null_stg_reviews_order_id .................................... [[32mPASS[0m in 2.38s]
[0m06:39:05  52 of 62 START test relationships_fact_orders_date_key__date_key__ref_dim_date_  [RUN]
[0m06:39:07  49 of 62 PASS not_null_stg_reviews_review_id ................................... [[32mPASS[0m in 2.62s]
[0m06:39:07  53 of 62 START test relationships_fact_orders_product_key__product_key__ref_dim_products_  [RUN]
[0m06:39:07  51 of 62 PASS relationships_fact_orders_customer_key__customer_key__ref_dim_customers_  [[32mPASS[0m in 2.53s]
[0m06:39:07  54 of 62 START test relationships_fact_orders_seller_key__seller_key__ref_dim_sellers_  [RUN]
[0m06:39:07  50 of 62 PASS not_null_stg_sellers_seller_id ................................... [[32mPASS[0m in 2.74s]
[0m06:39:07  55 of 62 START test unique_dim_customers_customer_key .......................... [RUN]
[0m06:39:08  52 of 62 PASS relationships_fact_orders_date_key__date_key__ref_dim_date_ ...... [[32mPASS[0m in 2.20s]
[0m06:39:08  56 of 62 START test unique_dim_date_date_key ................................... [RUN]
[0m06:39:09  53 of 62 PASS relationships_fact_orders_product_key__product_key__ref_dim_products_  [[32mPASS[0m in 2.24s]
[0m06:39:09  57 of 62 START test unique_dim_products_product_key ............................ [RUN]
[0m06:39:10  55 of 62 PASS unique_dim_customers_customer_key ................................ [[32mPASS[0m in 2.41s]
[0m06:39:10  58 of 62 START test unique_dim_sellers_seller_key .............................. [RUN]
[0m06:39:10  54 of 62 PASS relationships_fact_orders_seller_key__seller_key__ref_dim_sellers_  [[32mPASS[0m in 2.84s]
[0m06:39:10  59 of 62 START test unique_fact_orders_order_item_sk ........................... [RUN]
[0m06:39:10  56 of 62 PASS unique_dim_date_date_key ......................................... [[32mPASS[0m in 2.70s]
[0m06:39:10  60 of 62 START test unique_stg_orders_order_id ................................. [RUN]
[0m06:39:12  57 of 62 PASS unique_dim_products_product_key .................................. [[32mPASS[0m in 2.30s]
[0m06:39:12  61 of 62 START test unique_stg_products_product_id ............................. [RUN]
[0m06:39:12  58 of 62 PASS unique_dim_sellers_seller_key .................................... [[32mPASS[0m in 2.24s]
[0m06:39:12  62 of 62 START test unique_stg_sellers_seller_id ............................... [RUN]
[0m06:39:13  59 of 62 PASS unique_fact_orders_order_item_sk ................................. [[32mPASS[0m in 2.42s]
[0m06:39:13  60 of 62 PASS unique_stg_orders_order_id ....................................... [[32mPASS[0m in 2.25s]
[0m06:39:15  61 of 62 PASS unique_stg_products_product_id ................................... [[32mPASS[0m in 3.18s]
[0m06:39:15  62 of 62 PASS unique_stg_sellers_seller_id ..................................... [[32mPASS[0m in 3.11s]
[0m06:39:15  
[0m06:39:15  Finished running 62 data tests in 0 hours 0 minutes and 46.82 seconds (46.82s).
[0m06:39:15  
[0m06:39:15  [33mCompleted with 1 warning:[0m
[0m06:39:15  
[0m06:39:15  [33mWarning in test dbt_expectations_expect_column_values_to_be_between_stg_products_product_weight_g__0__True (models/schema.yml)[0m
[0m06:39:15  Got 4 results, configured to warn if != 0
[0m06:39:15  
[0m06:39:15    compiled code at target/compiled/olist_data_pipeline/models/schema.yml/dbt_expectations_expect_column_ef1802990122c379c0292cbbbaeef117.sql
[0m06:39:15  
[0m06:39:15  Done. PASS=61 WARN=1 ERROR=0 SKIP=0 TOTAL=62

[32m2026-06-21 14:39:18 +0800[0m - dagster - [34mWARNING[0m - __ASSET_JOB - 78037855-6d54-4e25-bcd2-cb6e1746e010 - dbt_test - /usr/local/Caskroom/miniforge/base/envs/olist/lib/python3.10/site-packages/google/api_core/_python_version_support.py:275: FutureWarning: You are using a Python version (3.10.18) which Google will stop supporting in new releases of google.api_core once it reaches its end of life (2026-10-04). Please upgrade to the latest Python version, or at least Python 3.11, to continue receiving updates for google.api_core past that date.
  warnings.warn(message, FutureWarning)
/usr/local/Caskroom/miniforge/base/envs/olist/lib/python3.10/site-packages/google/api_core/_python_version_support.py:275: FutureWarning: You are using a Python version (3.10.18) which Google will stop supporting in new releases of google.cloud.dataproc_v1 once it reaches its end of life (2026-10-04). Please upgrade to the latest Python version, or at least Python 3.11, to continue receiving updates for google.cloud.dataproc_v1 past that date.
  warnings.warn(message, FutureWarning)
/usr/local/Caskroom/miniforge/base/envs/olist/lib/python3.10/site-packages/dbt/adapters/bigquery/connections.py:570: FutureWarning: job_retry must be explicitly set to None if job_id is set.
BigQuery cannot retry a failed job by using the exact
same ID. Setting job_id without explicitly disabling
job_retry will raise an error in the future. To avoid this
warning, either use job_id_prefix instead (preferred) or
set job_retry=None.
  query_job = client.query(
/usr/local/Caskroom/miniforge/base/envs/olist/lib/python3.10/site-packages/dbt/adapters/bigquery/connections.py:570: FutureWarning: job_retry must be explicitly set to None if job_id is set.
BigQuery cannot retry a failed job by using the exact
same ID. Setting job_id without explicitly disabling
job_retry will raise an error in the future. To avoid this
warning, either use job_id_prefix instead (preferred) or
set job_retry=None.
  query_job = client.query(
/usr/local/Caskroom/miniforge/base/envs/olist/lib/python3.10/site-packages/dbt/adapters/bigquery/connections.py:570: FutureWarning: job_retry must be explicitly set to None if job_id is set.
BigQuery cannot retry a failed job by using the exact
same ID. Setting job_id without explicitly disabling
job_retry will raise an error in the future. To avoid this
warning, either use job_id_prefix instead (preferred) or
set job_retry=None.
  query_job = client.query(
/usr/local/Caskroom/miniforge/base/envs/olist/lib/python3.10/site-packages/dbt/adapters/bigquery/connections.py:570: FutureWarning: job_retry must be explicitly set to None if job_id is set.
BigQuery cannot retry a failed job by using the exact
same ID. Setting job_id without explicitly disabling
job_retry will raise an error in the future. To avoid this
warning, either use job_id_prefix instead (preferred) or
set job_retry=None.
  query_job = client.query(
/usr/local/Caskroom/miniforge/base/envs/olist/lib/python3.10/site-packages/dbt/adapters/bigquery/connections.py:570: FutureWarning: job_retry must be explicitly set to None if job_id is set.
BigQuery cannot retry a failed job by using the exact
same ID. Setting job_id without explicitly disabling
job_retry will raise an error in the future. To avoid this
warning, either use job_id_prefix instead (preferred) or
set job_retry=None.
  query_job = client.query(
/usr/local/Caskroom/miniforge/base/envs/olist/lib/python3.10/site-packages/dbt/adapters/bigquery/connections.py:570: FutureWarning: job_retry must be explicitly set to None if job_id is set.
BigQuery cannot retry a failed job by using the exact
same ID. Setting job_id without explicitly disabling
job_retry will raise an error in the future. To avoid this
warning, either use job_id_prefix instead (preferred) or
set job_retry=None.
  query_job = client.query(
/usr/local/Caskroom/miniforge/base/envs/olist/lib/python3.10/site-packages/dbt/adapters/bigquery/connections.py:570: FutureWarning: job_retry must be explicitly set to None if job_id is set.
BigQuery cannot retry a failed job by using the exact
same ID. Setting job_id without explicitly disabling
job_retry will raise an error in the future. To avoid this
warning, either use job_id_prefix instead (preferred) or
set job_retry=None.
  query_job = client.query(
/usr/local/Caskroom/miniforge/base/envs/olist/lib/python3.10/site-packages/dbt/adapters/bigquery/connections.py:570: FutureWarning: job_retry must be explicitly set to None if job_id is set.
BigQuery cannot retry a failed job by using the exact
same ID. Setting job_id without explicitly disabling
job_retry will raise an error in the future. To avoid this
warning, either use job_id_prefix instead (preferred) or
set job_retry=None.
  query_job = client.query(
/usr/local/Caskroom/miniforge/base/envs/olist/lib/python3.10/site-packages/dbt/adapters/bigquery/connections.py:570: FutureWarning: job_retry must be explicitly set to None if job_id is set.
BigQuery cannot retry a failed job by using the exact
same ID. Setting job_id without explicitly disabling
job_retry will raise an error in the future. To avoid this
warning, either use job_id_prefix instead (preferred) or
set job_retry=None.
  query_job = client.query(
/usr/local/Caskroom/miniforge/base/envs/olist/lib/python3.10/site-packages/dbt/adapters/bigquery/connections.py:570: FutureWarning: job_retry must be explicitly set to None if job_id is set.
BigQuery cannot retry a failed job by using the exact
same ID. Setting job_id without explicitly disabling
job_retry will raise an error in the future. To avoid this
warning, either use job_id_prefix instead (preferred) or
set job_retry=None.
  query_job = client.query(
/usr/local/Caskroom/miniforge/base/envs/olist/lib/python3.10/site-packages/dbt/adapters/bigquery/connections.py:570: FutureWarning: job_retry must be explicitly set to None if job_id is set.
BigQuery cannot retry a failed job by using the exact
same ID. Setting job_id without explicitly disabling
job_retry will raise an error in the future. To avoid this
warning, either use job_id_prefix instead (preferred) or
set job_retry=None.
  query_job = client.query(
/usr/local/Caskroom/miniforge/base/envs/olist/lib/python3.10/site-packages/dbt/adapters/bigquery/connections.py:570: FutureWarning: job_retry must be explicitly set to None if job_id is set.
BigQuery cannot retry a failed job by using the exact
same ID. Setting job_id without explicitly disabling
job_retry will raise an error in the future. To avoid this
warning, either use job_id_prefix instead (preferred) or
set job_retry=None.
  query_job = client.query(
/usr/local/Caskroom/miniforge/base/envs/olist/lib/python3.10/site-packages/dbt/adapters/bigquery/connections.py:570: FutureWarning: job_retry must be explicitly set to None if job_id is set.
BigQuery cannot retry a failed job by using the exact
same ID. Setting job_id without explicitly disabling
job_retry will raise an error in the future. To avoid this
warning, either use job_id_prefix instead (preferred) or
set job_retry=None.
  query_job = client.query(
/usr/local/Caskroom/miniforge/base/envs/olist/lib/python3.10/site-packages/dbt/adapters/bigquery/connections.py:570: FutureWarning: job_retry must be explicitly set to None if job_id is set.
BigQuery cannot retry a failed job by using the exact
same ID. Setting job_id without explicitly disabling
job_retry will raise an error in the future. To avoid this
warning, either use job_id_prefix instead (preferred) or
set job_retry=None.
  query_job = client.query(
/usr/local/Caskroom/miniforge/base/envs/olist/lib/python3.10/site-packages/dbt/adapters/bigquery/connections.py:570: FutureWarning: job_retry must be explicitly set to None if job_id is set.
BigQuery cannot retry a failed job by using the exact
same ID. Setting job_id without explicitly disabling
job_retry will raise an error in the future. To avoid this
warning, either use job_id_prefix instead (preferred) or
set job_retry=None.
  query_job = client.query(
/usr/local/Caskroom/miniforge/base/envs/olist/lib/python3.10/site-packages/dbt/adapters/bigquery/connections.py:570: FutureWarning: job_retry must be explicitly set to None if job_id is set.
BigQuery cannot retry a failed job by using the exact
same ID. Setting job_id without explicitly disabling
job_retry will raise an error in the future. To avoid this
warning, either use job_id_prefix instead (preferred) or
set job_retry=None.
  query_job = client.query(
/usr/local/Caskroom/miniforge/base/envs/olist/lib/python3.10/site-packages/dbt/adapters/bigquery/connections.py:570: FutureWarning: job_retry must be explicitly set to None if job_id is set.
BigQuery cannot retry a failed job by using the exact
same ID. Setting job_id without explicitly disabling
job_retry will raise an error in the future. To avoid this
warning, either use job_id_prefix instead (preferred) or
set job_retry=None.
  query_job = client.query(
/usr/local/Caskroom/miniforge/base/envs/olist/lib/python3.10/site-packages/dbt/adapters/bigquery/connections.py:570: FutureWarning: job_retry must be explicitly set to None if job_id is set.
BigQuery cannot retry a failed job by using the exact
same ID. Setting job_id without explicitly disabling
job_retry will raise an error in the future. To avoid this
warning, either use job_id_prefix instead (preferred) or
set job_retry=None.
  query_job = client.query(
/usr/local/Caskroom/miniforge/base/envs/olist/lib/python3.10/site-packages/dbt/adapters/bigquery/connections.py:570: FutureWarning: job_retry must be explicitly set to None if job_id is set.
BigQuery cannot retry a failed job by using the exact
same ID. Setting job_id without explicitly disabling
job_retry will raise an error in the future. To avoid this
warning, either use job_id_prefix instead (preferred) or
set job_retry=None.
  query_job = client.query(
/usr/local/Caskroom/miniforge/base/envs/olist/lib/python3.10/site-packages/dbt/adapters/bigquery/connections.py:570: FutureWarning: job_retry must be explicitly set to None if job_id is set.
BigQuery cannot retry a failed job by using the exact
same ID. Setting job_id without explicitly disabling
job_retry will raise an error in the future. To avoid this
warning, either use job_id_prefix instead (preferred) or
set job_retry=None.
  query_job = client.query(
/usr/local/Caskroom/miniforge/base/envs/olist/lib/python3.10/site-packages/dbt/adapters/bigquery/connections.py:570: FutureWarning: job_retry must be explicitly set to None if job_id is set.
BigQuery cannot retry a failed job by using the exact
same ID. Setting job_id without explicitly disabling
job_retry will raise an error in the future. To avoid this
warning, either use job_id_prefix instead (preferred) or
set job_retry=None.
  query_job = client.query(
/usr/local/Caskroom/miniforge/base/envs/olist/lib/python3.10/site-packages/dbt/adapters/bigquery/connections.py:570: FutureWarning: job_retry must be explicitly set to None if job_id is set.
BigQuery cannot retry a failed job by using the exact
same ID. Setting job_id without explicitly disabling
job_retry will raise an error in the future. To avoid this
warning, either use job_id_prefix instead (preferred) or
set job_retry=None.
  query_job = client.query(
/usr/local/Caskroom/miniforge/base/envs/olist/lib/python3.10/site-packages/dbt/adapters/bigquery/connections.py:570: FutureWarning: job_retry must be explicitly set to None if job_id is set.
BigQuery cannot retry a failed job by using the exact
same ID. Setting job_id without explicitly disabling
job_retry will raise an error in the future. To avoid this
warning, either use job_id_prefix instead (preferred) or
set job_retry=None.
  query_job = client.query(
/usr/local/Caskroom/miniforge/base/envs/olist/lib/python3.10/site-packages/dbt/adapters/bigquery/connections.py:570: FutureWarning: job_retry must be explicitly set to None if job_id is set.
BigQuery cannot retry a failed job by using the exact
same ID. Setting job_id without explicitly disabling
job_retry will raise an error in the future. To avoid this
warning, either use job_id_prefix instead (preferred) or
set job_retry=None.
  query_job = client.query(
/usr/local/Caskroom/miniforge/base/envs/olist/lib/python3.10/site-packages/dbt/adapters/bigquery/connections.py:570: FutureWarning: job_retry must be explicitly set to None if job_id is set.
BigQuery cannot retry a failed job by using the exact
same ID. Setting job_id without explicitly disabling
job_retry will raise an error in the future. To avoid this
warning, either use job_id_prefix instead (preferred) or
set job_retry=None.
  query_job = client.query(
/usr/local/Caskroom/miniforge/base/envs/olist/lib/python3.10/site-packages/dbt/adapters/bigquery/connections.py:570: FutureWarning: job_retry must be explicitly set to None if job_id is set.
BigQuery cannot retry a failed job by using the exact
same ID. Setting job_id without explicitly disabling
job_retry will raise an error in the future. To avoid this
warning, either use job_id_prefix instead (preferred) or
set job_retry=None.
  query_job = client.query(
/usr/local/Caskroom/miniforge/base/envs/olist/lib/python3.10/site-packages/dbt/adapters/bigquery/connections.py:570: FutureWarning: job_retry must be explicitly set to None if job_id is set.
BigQuery cannot retry a failed job by using the exact
same ID. Setting job_id without explicitly disabling
job_retry will raise an error in the future. To avoid this
warning, either use job_id_prefix instead (preferred) or
set job_retry=None.
  query_job = client.query(
/usr/local/Caskroom/miniforge/base/envs/olist/lib/python3.10/site-packages/dbt/adapters/bigquery/connections.py:570: FutureWarning: job_retry must be explicitly set to None if job_id is set.
BigQuery cannot retry a failed job by using the exact
same ID. Setting job_id without explicitly disabling
job_retry will raise an error in the future. To avoid this
warning, either use job_id_prefix instead (preferred) or
set job_retry=None.
  query_job = client.query(
/usr/local/Caskroom/miniforge/base/envs/olist/lib/python3.10/site-packages/dbt/adapters/bigquery/connections.py:570: FutureWarning: job_retry must be explicitly set to None if job_id is set.
BigQuery cannot retry a failed job by using the exact
same ID. Setting job_id without explicitly disabling
job_retry will raise an error in the future. To avoid this
warning, either use job_id_prefix instead (preferred) or
set job_retry=None.
  query_job = client.query(
/usr/local/Caskroom/miniforge/base/envs/olist/lib/python3.10/site-packages/dbt/adapters/bigquery/connections.py:570: FutureWarning: job_retry must be explicitly set to None if job_id is set.
BigQuery cannot retry a failed job by using the exact
same ID. Setting job_id without explicitly disabling
job_retry will raise an error in the future. To avoid this
warning, either use job_id_prefix instead (preferred) or
set job_retry=None.
  query_job = client.query(
/usr/local/Caskroom/miniforge/base/envs/olist/lib/python3.10/site-packages/dbt/adapters/bigquery/connections.py:570: FutureWarning: job_retry must be explicitly set to None if job_id is set.
BigQuery cannot retry a failed job by using the exact
same ID. Setting job_id without explicitly disabling
job_retry will raise an error in the future. To avoid this
warning, either use job_id_prefix instead (preferred) or
set job_retry=None.
  query_job = client.query(
/usr/local/Caskroom/miniforge/base/envs/olist/lib/python3.10/site-packages/dbt/adapters/bigquery/connections.py:570: FutureWarning: job_retry must be explicitly set to None if job_id is set.
BigQuery cannot retry a failed job by using the exact
same ID. Setting job_id without explicitly disabling
job_retry will raise an error in the future. To avoid this
warning, either use job_id_prefix instead (preferred) or
set job_retry=None.
  query_job = client.query(
/usr/local/Caskroom/miniforge/base/envs/olist/lib/python3.10/site-packages/dbt/adapters/bigquery/connections.py:570: FutureWarning: job_retry must be explicitly set to None if job_id is set.
BigQuery cannot retry a failed job by using the exact
same ID. Setting job_id without explicitly disabling
job_retry will raise an error in the future. To avoid this
warning, either use job_id_prefix instead (preferred) or
set job_retry=None.
  query_job = client.query(

[32m2026-06-21 14:39:18 +0800[0m - dagster - [34mDEBUG[0m - __ASSET_JOB - 78037855-6d54-4e25-bcd2-cb6e1746e010 - 17132 - dbt_test - STEP_OUTPUT - Yielded output "result" of type "Any". (Type check passed).
[32m2026-06-21 14:39:18 +0800[0m - dagster - [34mDEBUG[0m - __ASSET_JOB - 78037855-6d54-4e25-bcd2-cb6e1746e010 - dbt_test - Writing file at: /Users/balkis/Documents/NTU_DSAI_April_2026/olist-data-pipeline/dagster-olist/.tmp_dagster_home_196tdyzt/storage/dbt_test using PickledObjectFilesystemIOManager...
[32m2026-06-21 14:39:18 +0800[0m - dagster - [34mDEBUG[0m - __ASSET_JOB - 78037855-6d54-4e25-bcd2-cb6e1746e010 - 17132 - dbt_test - ASSET_MATERIALIZATION - Materialized value dbt_test.
[32m2026-06-21 14:39:18 +0800[0m - dagster - [34mDEBUG[0m - __ASSET_JOB - 78037855-6d54-4e25-bcd2-cb6e1746e010 - 17132 - dbt_test - HANDLED_OUTPUT - Handled output "result" using IO manager "io_manager"
[32m2026-06-21 14:39:18 +0800[0m - dagster - [34mDEBUG[0m - __ASSET_JOB - 78037855-6d54-4e25-bcd2-cb6e1746e010 - 17132 - dbt_test - STEP_SUCCESS - Finished execution of step "dbt_test" in 1m1s.
