[32m2026-06-21 13:08:47 +0800[0m - dagster - [34mDEBUG[0m - __ASSET_JOB - bb2f7b65-5ff2-4d26-948c-5dbe1c705e75 - 9634 - LOGS_CAPTURED - Capturing logs for process (pid: 9634).
[32m2026-06-21 13:08:47 +0800[0m - dagster - [34mDEBUG[0m - __ASSET_JOB - bb2f7b65-5ff2-4d26-948c-5dbe1c705e75 - 9634 - meltano_ingestion - STEP_START - Started execution of step "meltano_ingestion".
[32m2026-06-21 13:08:47 +0800[0m - dagster - [34mINFO[0m - __ASSET_JOB - bb2f7b65-5ff2-4d26-948c-5dbe1c705e75 - meltano_ingestion - Running command: meltano run tap-spreadsheets-anywhere target-bigquery
[32m2026-06-21 13:08:52 +0800[0m - dagster - [34mWARNING[0m - __ASSET_JOB - bb2f7b65-5ff2-4d26-948c-5dbe1c705e75 - meltano_ingestion - [2m2026-06-21T05:08:50.342871Z[0m [[32minfo     [0m] [36mmeltano     [0m [1mEnvironment 'dev' is active   [0m
[2m2026-06-21T05:08:50.379591Z[0m [[33mwarning  [0m] [36mmeltano     [0m [1mA new version of Meltano is available (v4.2.1) and you are currently running v4.2.0. For more information, visit: https://docs.meltano.com/getting-started/installation.[0m
[2m2026-06-21T05:08:50.787712Z[0m [[32minfo     [0m] [36mmeltano     [0m [1mRunning job with name 'dev:tap-spreadsheets-anywhere-to-target-bigquery' and run ID '019ee894-dd18-786e-ace4-73fef6f5222e'[0m
[2m2026-06-21T05:08:50.797453Z[0m [[31merror    [0m] [36mmeltano     [0m [1mAnother 'dev:tap-spreadsheets-anywhere-to-target-bigquery' pipeline is already running which started at 2026-06-21 05:08:46.956603+00:00. Wait until 2026-06-21 05:13:50.201262+00:00 when the job will be automatically cancelled if stale, or ignore this check using the '--force' option.[0m
[2m2026-06-21T05:08:50.797888Z[0m [[31merror    [0m] [36mmeltano     [0m [1mBlock run completed           [0m
[2m2026-06-21T05:08:50.799128Z[0m [[32minfo     [0m] [36mmeltano     [0m [1mRun completed                 [0m

[32m2026-06-21 13:08:52 +0800[0m - dagster - [34mERROR[0m - [31m__ASSET_JOB - bb2f7b65-5ff2-4d26-948c-5dbe1c705e75 - 9634 - meltano_ingestion - STEP_FAILURE - Execution of step "meltano_ingestion" failed.

dagster._core.errors.DagsterExecutionStepExecutionError: Error occurred while executing op "meltano_ingestion"::

RuntimeError: Command failed: meltano run tap-spreadsheets-anywhere target-bigquery

Stack Trace:
  File "/Users/balkis/.pyenv/versions/3.11.9/lib/python3.11/site-packages/dagster/_core/execution/plan/utils.py", line 57, in op_execution_error_boundary
    yield
  File "/Users/balkis/.pyenv/versions/3.11.9/lib/python3.11/site-packages/dagster/_utils/__init__.py", line 394, in iterate_with_context
    next_output = next(iterator)
                  ^^^^^^^^^^^^^^
  File "/Users/balkis/.pyenv/versions/3.11.9/lib/python3.11/site-packages/dagster/_core/execution/plan/compute_generator.py", line 136, in _coerce_op_compute_fn_to_iterator
    result = invoke_compute_fn(
             ^^^^^^^^^^^^^^^^^^
  File "/Users/balkis/.pyenv/versions/3.11.9/lib/python3.11/site-packages/dagster/_core/execution/plan/compute_generator.py", line 116, in invoke_compute_fn
    return fn(context, **args_to_pass) if context_arg_provided else fn(**args_to_pass)
           ^^^^^^^^^^^^^^^^^^^^^^^^^^^
  File "/Users/balkis/Documents/NTU_DSAI_April_2026/olist-data-pipeline/dagster-olist/dagster_olist/assets.py", line 36, in meltano_ingestion
    run_command(["meltano", "run", "tap-spreadsheets-anywhere", "target-bigquery"], MELTANO_DIR, context)
  File "/Users/balkis/Documents/NTU_DSAI_April_2026/olist-data-pipeline/dagster-olist/dagster_olist/assets.py", line 30, in run_command
    raise RuntimeError(f"Command failed: {' '.join(command)}")
[0m
