[32m2026-06-21 12:44:52 +0800[0m - dagster - [34mDEBUG[0m - __ASSET_JOB - 631dcc7a-7f4d-4c17-bfb7-3136dba5483d - 7862 - LOGS_CAPTURED - Capturing logs for process (pid: 7862).
[32m2026-06-21 12:44:52 +0800[0m - dagster - [34mDEBUG[0m - __ASSET_JOB - 631dcc7a-7f4d-4c17-bfb7-3136dba5483d - 7862 - dbt_dependencies - STEP_START - Started execution of step "dbt_dependencies".
[32m2026-06-21 12:44:52 +0800[0m - dagster - [34mINFO[0m - __ASSET_JOB - 631dcc7a-7f4d-4c17-bfb7-3136dba5483d - dbt_dependencies - Running command: dbt deps
[32m2026-06-21 12:45:57 +0800[0m - dagster - [34mINFO[0m - __ASSET_JOB - 631dcc7a-7f4d-4c17-bfb7-3136dba5483d - dbt_dependencies - [0m04:44:59  Running with dbt=1.9.6
[0m04:45:00  [[33mWARNING[0m]: Deprecated functionality
The `calogica/dbt_expectations` package is deprecated in favor of
`metaplane/dbt_expectations`. Please update your `packages.yml` configuration to
use `metaplane/dbt_expectations` instead.
[0m04:45:00  Installing calogica/dbt_expectations
[0m04:45:53  Installed from version 0.8.0
[0m04:45:53  Updated version available: 0.10.4
[0m04:45:53  Installing calogica/dbt_date
[0m04:45:54  Installed from version 0.7.2
[0m04:45:54  Updated version available: 0.10.1
[0m04:45:54  
[0m04:45:54  Updates available for packages: ['calogica/dbt_expectations', 'calogica/dbt_date']                 
Update your versions in packages.yml, then run dbt deps

[32m2026-06-21 12:45:57 +0800[0m - dagster - [34mDEBUG[0m - __ASSET_JOB - 631dcc7a-7f4d-4c17-bfb7-3136dba5483d - 7862 - dbt_dependencies - STEP_OUTPUT - Yielded output "result" of type "Any". (Type check passed).
[32m2026-06-21 12:45:57 +0800[0m - dagster - [34mDEBUG[0m - __ASSET_JOB - 631dcc7a-7f4d-4c17-bfb7-3136dba5483d - dbt_dependencies - Writing file at: /Users/balkis/Documents/NTU_DSAI_April_2026/olist-data-pipeline/dagster-olist/.tmp_dagster_home_2f_cvrk7/storage/dbt_dependencies using PickledObjectFilesystemIOManager...
[32m2026-06-21 12:45:57 +0800[0m - dagster - [34mDEBUG[0m - __ASSET_JOB - 631dcc7a-7f4d-4c17-bfb7-3136dba5483d - 7862 - dbt_dependencies - ASSET_MATERIALIZATION - Materialized value dbt_dependencies.
[32m2026-06-21 12:45:57 +0800[0m - dagster - [34mDEBUG[0m - __ASSET_JOB - 631dcc7a-7f4d-4c17-bfb7-3136dba5483d - 7862 - dbt_dependencies - HANDLED_OUTPUT - Handled output "result" using IO manager "io_manager"
[32m2026-06-21 12:45:57 +0800[0m - dagster - [34mDEBUG[0m - __ASSET_JOB - 631dcc7a-7f4d-4c17-bfb7-3136dba5483d - 7862 - dbt_dependencies - STEP_SUCCESS - Finished execution of step "dbt_dependencies" in 1m4s.
