[32m2026-06-21 14:36:05 +0800[0m - dagster - [34mDEBUG[0m - __ASSET_JOB - 7c73a8be-2530-4188-b8c9-f953bbfed142 - 16993 - LOGS_CAPTURED - Capturing logs for process (pid: 16993).
[32m2026-06-21 14:36:05 +0800[0m - dagster - [34mDEBUG[0m - __ASSET_JOB - 7c73a8be-2530-4188-b8c9-f953bbfed142 - 16993 - dbt_dependencies - STEP_START - Started execution of step "dbt_dependencies".
[32m2026-06-21 14:36:05 +0800[0m - dagster - [34mINFO[0m - __ASSET_JOB - 7c73a8be-2530-4188-b8c9-f953bbfed142 - dbt_dependencies - Running command: dbt deps
[32m2026-06-21 14:36:37 +0800[0m - dagster - [34mINFO[0m - __ASSET_JOB - 7c73a8be-2530-4188-b8c9-f953bbfed142 - dbt_dependencies - [0m06:36:12  Running with dbt=1.9.6
[0m06:36:13  [[33mWARNING[0m]: Deprecated functionality
The `calogica/dbt_expectations` package is deprecated in favor of
`metaplane/dbt_expectations`. Please update your `packages.yml` configuration to
use `metaplane/dbt_expectations` instead.
[0m06:36:13  Installing calogica/dbt_expectations
[0m06:36:32  Installed from version 0.8.0
[0m06:36:32  Updated version available: 0.10.4
[0m06:36:32  Installing calogica/dbt_date
[0m06:36:34  Installed from version 0.7.2
[0m06:36:34  Updated version available: 0.10.1
[0m06:36:34  
[0m06:36:34  Updates available for packages: ['calogica/dbt_expectations', 'calogica/dbt_date']                 
Update your versions in packages.yml, then run dbt deps

[32m2026-06-21 14:36:37 +0800[0m - dagster - [34mDEBUG[0m - __ASSET_JOB - 7c73a8be-2530-4188-b8c9-f953bbfed142 - 16993 - dbt_dependencies - STEP_OUTPUT - Yielded output "result" of type "Any". (Type check passed).
[32m2026-06-21 14:36:37 +0800[0m - dagster - [34mDEBUG[0m - __ASSET_JOB - 7c73a8be-2530-4188-b8c9-f953bbfed142 - dbt_dependencies - Writing file at: /Users/balkis/Documents/NTU_DSAI_April_2026/olist-data-pipeline/dagster-olist/.tmp_dagster_home_196tdyzt/storage/dbt_dependencies using PickledObjectFilesystemIOManager...
[32m2026-06-21 14:36:37 +0800[0m - dagster - [34mDEBUG[0m - __ASSET_JOB - 7c73a8be-2530-4188-b8c9-f953bbfed142 - 16993 - dbt_dependencies - ASSET_MATERIALIZATION - Materialized value dbt_dependencies.
[32m2026-06-21 14:36:37 +0800[0m - dagster - [34mDEBUG[0m - __ASSET_JOB - 7c73a8be-2530-4188-b8c9-f953bbfed142 - 16993 - dbt_dependencies - HANDLED_OUTPUT - Handled output "result" using IO manager "io_manager"
[32m2026-06-21 14:36:37 +0800[0m - dagster - [34mDEBUG[0m - __ASSET_JOB - 7c73a8be-2530-4188-b8c9-f953bbfed142 - 16993 - dbt_dependencies - STEP_SUCCESS - Finished execution of step "dbt_dependencies" in 32.66s.
